  SmartDynamicArray.cpp
main.obj : error LNK2019: unresolved external symbol "public: __thiscall TesterBase::TesterBase(void)" (??0TesterBase@@QAE@XZ) referenced in function "public: __thiscall Tester::Tester(void)" (??0Tester@@QAE@XZ)
main.obj : error LNK2019: unresolved external symbol "public: void __thiscall TesterBase::Start(void)" (?Start@TesterBase@@QAEXXZ) referenced in function _main
main.obj : error LNK2019: unresolved external symbol "public: void __thiscall TesterBase::AddTest(struct TestListItem const &)" (?AddTest@TesterBase@@QAEXABUTestListItem@@@Z) referenced in function "public: __thiscall Tester::Tester(void)" (??0Tester@@QAE@XZ)
main.obj : error LNK2019: unresolved external symbol "protected: void __thiscall TesterBase::ReportFailure(class std::basic_string<char,struct std::char_traits<char>,class std::allocator<char> > const &,class std::basic_string<char,struct std::char_traits<char>,class std::allocator<char> > const &)" (?ReportFailure@TesterBase@@IAEXABV?$basic_string@DU?$char_traits@D@std@@V?$allocator@D@2@@std@@0@Z) referenced in function "private: int __thiscall Tester::TestAssignmentOperator(void)" (?TestAssignmentOperator@Tester@@AAEHXZ)
main.obj : error LNK2019: unresolved external symbol "protected: void __thiscall TesterBase::DisplayTestHeader(class std::basic_string<char,struct std::char_traits<char>,class std::allocator<char> > const &)" (?DisplayTestHeader@TesterBase@@IAEXABV?$basic_string@DU?$char_traits@D@std@@V?$allocator@D@2@@std@@@Z) referenced in function "private: int __thiscall Tester::TestAssignmentOperator(void)" (?TestAssignmentOperator@Tester@@AAEHXZ)
main.obj : error LNK2019: unresolved external symbol "protected: void __thiscall TesterBase::DisplayScore(int,int)" (?DisplayScore@TesterBase@@IAEXHH@Z) referenced in function "private: int __thiscall Tester::TestAssignmentOperator(void)" (?TestAssignmentOperator@Tester@@AAEHXZ)
C:\Users\fdesaleg\Desktop\GitHub\CS-250\Homework_3\DynamicArray\Debug\DynamicArray.exe : fatal error LNK1120: 6 unresolved externals
